<?xml version="1.0" encoding="UTF-8"?>
<!-- Generated by org.testng.reporters.JUnitReportReporter -->
<testsuite skipped="0" hostname="admin-PC" name="org.testngnew.TestngHardAssert" tests="2" failures="0" timestamp="16 Aug 2021 06:43:29 GMT" time="1.846" errors="0">
  <testcase name="tc2" time="0.010" classname="org.testngnew.TestngHardAssert"/>
  <testcase name="tc1" time="1.836" classname="org.testngnew.TestngHardAssert"/>
</testsuite> <!-- org.testngnew.TestngHardAssert -->
