<?xml version="1.0" encoding="UTF-8"?>
<!-- Generated by org.testng.reporters.JUnitReportReporter -->
<testsuite skipped="1" hostname="admin-PC" name="org.testngnew.AdactinDataProvider" tests="2" failures="0" timestamp="14 Aug 2021 15:02:21 GMT" time="9.836" errors="0">
  <testcase name="tc2" time="9.836" classname="org.testngnew.AdactinDataProvider"/>
  <testcase name="tc1" classname="org.testngnew.AdactinDataProvider">
    <skipped/>
  </testcase> <!-- tc1 -->
</testsuite> <!-- org.testngnew.AdactinDataProvider -->
