<?xml version="1.0" encoding="UTF-8"?>
<!-- Generated by org.testng.reporters.JUnitReportReporter -->
<testsuite skipped="1" hostname="admin-PC" name="org.testngnew.Sample" tests="3" failures="0" timestamp="19 Aug 2021 15:06:49 GMT" time="1.450" errors="0">
  <testcase name="tc1" time="0.389" classname="org.testngnew.Sample"/>
  <testcase name="tc2" time="1.061" classname="org.testngnew.Sample"/>
  <testcase name="tc3" classname="org.testngnew.Sample">
    <skipped/>
  </testcase> <!-- tc3 -->
</testsuite> <!-- org.testngnew.Sample -->
