<?xml version="1.0" encoding="UTF-8"?>
<!-- Generated by org.testng.reporters.JUnitReportReporter -->
<testsuite skipped="0" hostname="admin-PC" name="org.testngnew.TestngSoftAssert" tests="1" failures="0" timestamp="19 Aug 2021 15:06:49 GMT" time="1.168" errors="0">
  <testcase name="tc1" time="1.168" classname="org.testngnew.TestngSoftAssert"/>
</testsuite> <!-- org.testngnew.TestngSoftAssert -->
