<?xml version="1.0" encoding="UTF-8"?>
<!-- Generated by org.testng.reporters.JUnitReportReporter -->
<testsuite skipped="1" hostname="admin-PC" name="org.testngnew.AdactinParameters" tests="2" failures="0" timestamp="14 Aug 2021 15:15:24 GMT" time="10.656" errors="0">
  <testcase name="tc2" time="10.656" classname="org.testngnew.AdactinParameters"/>
  <testcase name="tc1" classname="org.testngnew.AdactinParameters">
    <skipped/>
  </testcase> <!-- tc1 -->
</testsuite> <!-- org.testngnew.AdactinParameters -->
