<?xml version="1.0" encoding="UTF-8"?>
<!-- Generated by org.testng.reporters.JUnitReportReporter -->
<testsuite skipped="0" hostname="admin-PC" name="org.testngnew.ParellelTestng2" tests="3" failures="0" timestamp="18 Aug 2021 15:24:23 GMT" time="0.015" errors="0">
  <testcase name="tc11" time="0.011" classname="org.testngnew.ParellelTestng2"/>
  <testcase name="tc22" time="0.002" classname="org.testngnew.ParellelTestng2"/>
  <testcase name="tc33" time="0.002" classname="org.testngnew.ParellelTestng2"/>
</testsuite> <!-- org.testngnew.ParellelTestng2 -->
