<?xml version="1.0" encoding="UTF-8"?>
<!-- Generated by org.testng.reporters.JUnitReportReporter -->
<testsuite skipped="0" hostname="admin-PC" name="org.testngnew.ParellelTestng1" tests="3" failures="0" timestamp="18 Aug 2021 15:24:23 GMT" time="0.004" errors="0">
  <testcase name="tc3" time="0.001" classname="org.testngnew.ParellelTestng1"/>
  <testcase name="tc1" time="0.002" classname="org.testngnew.ParellelTestng1"/>
  <testcase name="tc2" time="0.001" classname="org.testngnew.ParellelTestng1"/>
</testsuite> <!-- org.testngnew.ParellelTestng1 -->
